MailDev webapp running at http://0.0.0.0:1080
(node:23941) [DEP0005] DeprecationWarning: Buffer() is deprecated due to security and usability issues. Please use the Buffer.alloc(), Buffer.allocUnsafe(), or Buffer.from() methods instead.
MailDev SMTP Server running at 0.0.0.0:1025
Recieved shutdown signal, shutting down now...
MailDev webapp running at http://0.0.0.0:1080
(node:24407) [DEP0005] DeprecationWarning: Buffer() is deprecated due to security and usability issues. Please use the Buffer.alloc(), Buffer.allocUnsafe(), or Buffer.from() methods instead.
MailDev SMTP Server running at 0.0.0.0:1025
finish reading file: /tmp/tmp-2440716xNEDJxUo7H
finish update json: ./data/1904.json
finish reading file: /tmp/tmp-24407oPDV7G7Q5M4k
finish update json: ./data/1904.json
fatal: could not read Username for 'https://github.com': No such device or address

last upload check: 1555089791303
fatal: could not read Username for 'https://github.com': No such device or address

last upload check: 1555093391341
fatal: could not read Username for 'https://github.com': No such device or address

last upload check: 1555096991406
fatal: could not read Username for 'https://github.com': No such device or address

last upload check: 1555100591459
fatal: could not read Username for 'https://github.com': No such device or address

last upload check: 1555104191559
fatal: could not read Username for 'https://github.com': No such device or address

last upload check: 1555107791659
fatal: could not read Username for 'https://github.com': No such device or address

last upload check: 1555111391687
fatal: could not read Username for 'https://github.com': No such device or address

last upload check: 1555114991788
fatal: could not read Username for 'https://github.com': No such device or address

last upload check: 1555118591888
fatal: could not read Username for 'https://github.com': No such device or address

last upload check: 1555122191917
fatal: could not read Username for 'https://github.com': No such device or address

last upload check: 1555125792018
fatal: could not read Username for 'https://github.com': No such device or address

last upload check: 1555129392118
fatal: could not read Username for 'https://github.com': No such device or address

last upload check: 1555132992218
fatal: could not read Username for 'https://github.com': No such device or address

last upload check: 1555136592318
fatal: could not read Username for 'https://github.com': No such device or address

last upload check: 1555140192395
fatal: could not read Username for 'https://github.com': No such device or address

last upload check: 1555143792429
fatal: could not read Username for 'https://github.com': No such device or address

last upload check: 1555147392530
fatal: could not read Username for 'https://github.com': No such device or address

last upload check: 1555150992632
fatal: could not read Username for 'https://github.com': No such device or address

last upload check: 1555154592732
fatal: could not read Username for 'https://github.com': No such device or address

last upload check: 1555158192833
fatal: could not read Username for 'https://github.com': No such device or address

last upload check: 1555161792845
fatal: could not read Username for 'https://github.com': No such device or address

last upload check: 1555165392909
fatal: could not read Username for 'https://github.com': No such device or address

last upload check: 1555168993010
fatal: could not read Username for 'https://github.com': No such device or address

last upload check: 1555172593112
fatal: could not read Username for 'https://github.com': No such device or address

last upload check: 1555176193213
fatal: could not read Username for 'https://github.com': No such device or address

last upload check: 1555179793230
fatal: could not read Username for 'https://github.com': No such device or address

last upload check: 1555183393330
fatal: could not read Username for 'https://github.com': No such device or address

last upload check: 1555186993421
fatal: could not read Username for 'https://github.com': No such device or address

last upload check: 1555190593437
fatal: could not read Username for 'https://github.com': No such device or address

last upload check: 1555194193485
fatal: could not read Username for 'https://github.com': No such device or address

last upload check: 1555197793586
Could not start mail server on undefined:undefined
Port already in use or insufficient rights to bind port
Recieved shutdown signal, shutting down now...
